<testsuites tests="1" failures="1" disabled="0" time="0.812182">
  <testsuite tests="1" time="0.212240" errors="0" failures="1" skipped="0" timestamp="2023-10-05T17:09:26.0755990Z" name="NUnitTestCake.dll.NUnitTestCake.Tests.">
    <testcase name="Test1" assertions="1" time="0.209526" status="Failed" classname="NUnitTestCake.Tests">
      <failure message="  Expected: not null&#xD;&#xA;  But was:  null&#xD;&#xA;">   at NUnitTestCake.Tests.Test1() in D:\tmp\TestCake\NUnitTestCake\UnitTest.cs:line 19
</failure>
      <system-out>CONNECTION STRING: 
</system-out>
    </testcase>
  </testsuite>
</testsuites>