<testsuites tests="1" failures="0" disabled="0" time="0.947676">
  <testsuite tests="1" time="0.180521" errors="0" failures="0" skipped="0" timestamp="2023-10-05T17:09:25.1214668Z" name="NUnitTestCake.dll.NUnitTestCake.Tests.">
    <testcase name="Test1" assertions="1" time="0.175856" status="Passed" classname="NUnitTestCake.Tests">
      <system-out>CONNECTION STRING: Data Source=.;Initial Catalog=Hangfire;Trusted_Connection=Yes;TrustServerCertificate=True;
</system-out>
    </testcase>
  </testsuite>
</testsuites>